2025-10-05 18:51:36   In order to get an optimal performance, hyperthreading is ignored for parallel
                      computations.

                      ------------------------------------------------------------------------------
2025-10-05 18:51:37   The length ratio between the shortest and the longest model edges is 1:1663.
                      Short model edges can be highlighted via Mesh:Mesh Control->Check Mesh->Check
                      Model Edge Length.... (It may be advantageous to model the metallizations as
                      infinitely thin sheets.) More...

                      ------------------------------------------------------------------------------
2025-10-05 18:51:37   --- Material prioritization table with "ElectricConductivity" scheme was used
                      ---
                       - Copper
                       - PEC
                       - Wilkinson 10500MHz_v2_Cu(PCB1)/Copper
                       - Wilkinson 10500MHz_v2_Cu(PCB1)/PEC Sheets
                       - Wilkinson 10500MHz_v2_Cu(PCB1)/VIAS_MATERIAL
                       - $CoilMaterial$
                       - $NFSMaterial$
                       - Rogers RO4350B (lossy)
                       - Vacuum
                       - air_0

                      ------------------------------------------------------------------------------
2025-10-05 18:51:39   *** Warning ***

                      This software is licensed for non-commercial use only.

                      ------------------------------------------------------------------------------
2025-10-05 18:51:39   Units settings: 

                        Dimensions: mil
                        Frequency:  GHz
                        Time:       ns

                      ------------------------------------------------------------------------------
2025-10-05 18:51:39   Boundary conditions: 

                        YZsymmetry: none
                        XZsymmetry: none
                        XYsymmetry: none

                        Xmin: expanded open
                        Xmax: expanded open

                        Ymin: electric
                        Ymax: electric

                        Zmin: expanded open
                        Zmax: electric

                      ------------------------------------------------------------------------------
2025-10-05 18:51:39   Order settings: 

                        Solver order   : 2nd (constant)
                        Curved elements: up to order 3 (automatic)

                      ------------------------------------------------------------------------------
2025-10-05 18:51:39     Mesh time                :	1 s


                      ------------------------------------------------------------------------------
2025-10-05 18:51:39   
                      ================================================================================
                      Frequency Domain Solver calculation cycle started

                      ------------------------------------------------------------------------------
2025-10-05 18:51:39   Solver started at: 2025-10-05 18:51:39 -0700

                        Module:  Frequency Domain: S-Parameter (Win 64)
                        Version: 2024.0 Release from 2023-09-01 (change 1164796)

                      ------------------------------------------------------------------------------
2025-10-05 18:51:39     Calculation 1 of 1 (Frequency: 12 GHz)


                      ------------------------------------------------------------------------------
2025-10-05 18:51:39   Using electric shielding for ports 1, 2, 3.

                      ------------------------------------------------------------------------------
2025-10-05 18:51:39   For some elements the curvature had to be reduced to maintain the quality of the mesh. More...

                      ------------------------------------------------------------------------------
2025-10-05 18:51:40   For some elements the curvature had to be reduced to maintain the quality of the mesh. More...

                      ------------------------------------------------------------------------------
2025-10-05 18:51:41   For some elements the curvature had to be reduced to maintain the quality of the mesh. More...

                      ------------------------------------------------------------------------------
2025-10-05 18:51:41   For some elements the curvature had to be reduced to maintain the quality of the mesh. More...

                      ------------------------------------------------------------------------------
2025-10-05 18:51:42   For some elements the curvature had to be reduced to maintain the quality of the mesh. More...

                      ------------------------------------------------------------------------------
2025-10-05 18:51:43   For some elements the curvature had to be reduced to maintain the quality of the mesh. More...

                      ------------------------------------------------------------------------------
2025-10-05 18:51:44   For some elements the curvature had to be reduced to maintain the quality of the mesh. More...

                      ------------------------------------------------------------------------------
2025-10-05 18:51:45   For some elements the curvature had to be reduced to maintain the quality of the mesh. More...

                      ------------------------------------------------------------------------------
2025-10-05 18:51:46   For some elements the curvature had to be reduced to maintain the quality of the mesh. More...

                      ------------------------------------------------------------------------------
2025-10-05 18:51:47   For some elements the curvature had to be reduced to maintain the quality of the mesh. More...

                      ------------------------------------------------------------------------------
2025-10-05 18:51:47     ----------------------------------------------------------------------------
                        Port   Mode   Type        Z-Wave        Z-Wave-Sigma  Z-Line        F-Cutoff
                        1      1      QTEM        228           16.3          48.8          ---
                        2      1      QTEM        229           16.6          48.8          ---
                        3      1      QTEM        229           15.9          48.8          ---
                        ----------------------------------------------------------------------------


                      ------------------------------------------------------------------------------
2025-10-05 18:51:48   For some elements the curvature had to be reduced to maintain the quality of the mesh. More...

                      ------------------------------------------------------------------------------
2025-10-05 18:51:48   Adaptive mesh refinement pass 1

                      ------------------------------------------------------------------------------
2025-10-05 18:51:49   Performing block excitation with block size 3 and 4 threads.  More...

                      ------------------------------------------------------------------------------
2025-10-05 18:51:49     Matrix setup time        :	0 s
                        Degrees of freedom       :	28039
                        Number of mesh cells     :	4450

                        Stimulation port         :	1
                        Mode number              :	1
                        Accuracy                 :	4.59419e-14
                        Iterations               :	1
                        Solver time              :	0 s


                      ------------------------------------------------------------------------------
2025-10-05 18:51:49     Stimulation port         :	2
                        Mode number              :	1
                        Accuracy                 :	4.71961e-14
                        Iterations               :	1
                        Solver time              :	0 s


                      ------------------------------------------------------------------------------
2025-10-05 18:51:49     Stimulation port         :	3
                        Mode number              :	1
                        Accuracy                 :	6.97824e-14
                        Iterations               :	1
                        Solver time              :	0 s


                      ------------------------------------------------------------------------------
2025-10-05 18:51:49   22% of all mesh edges seem to be longer than expected. The adaptive mesh refinement's growth limitation will therefore 
                      use 10344 instead of 4235 mesh cells as a reference.

                      ------------------------------------------------------------------------------
2025-10-05 18:51:50   For some elements the curvature had to be reduced to maintain the quality of the mesh. More...

                      ------------------------------------------------------------------------------
2025-10-05 18:51:51   Adaptive mesh refinement pass 2

                      ------------------------------------------------------------------------------
2025-10-05 18:51:52     Matrix setup time        :	0 s
                        Degrees of freedom       :	49825
                        Number of mesh cells     :	7767

                        Stimulation port         :	1
                        Mode number              :	1
                        Accuracy                 :	1.26796e-13
                        Iterations               :	1
                        Solver time              :	0 s


                      ------------------------------------------------------------------------------
2025-10-05 18:51:52     Stimulation port         :	2
                        Mode number              :	1
                        Accuracy                 :	3.32742e-14
                        Iterations               :	1
                        Solver time              :	0 s


                      ------------------------------------------------------------------------------
2025-10-05 18:51:52     Stimulation port         :	3
                        Mode number              :	1
                        Accuracy                 :	1.71587e-13
                        Iterations               :	1
                        Solver time              :	0 s


                      ------------------------------------------------------------------------------
2025-10-05 18:51:52     Delta calculation        
2025-10-05 18:51:52     All S-Parameters         :	0.0721218
2025-10-05 18:51:52   

                      ------------------------------------------------------------------------------
2025-10-05 18:51:53   For some elements the curvature had to be reduced to maintain the quality of the mesh. More...

                      ------------------------------------------------------------------------------
2025-10-05 18:51:54   Adaptive mesh refinement pass 3

                      ------------------------------------------------------------------------------
2025-10-05 18:51:55     Matrix setup time        :	0 s
                        Solver setup             :	1 s
                        Degrees of freedom       :	76833
                        Number of mesh cells     :	11809

                        Stimulation port         :	1
                        Mode number              :	1
                        Accuracy                 :	2.20032e-13
                        Iterations               :	1
                        Solver time              :	0 s


                      ------------------------------------------------------------------------------
2025-10-05 18:51:55     Stimulation port         :	2
                        Mode number              :	1
                        Accuracy                 :	2.86706e-14
                        Iterations               :	1
                        Solver time              :	0 s


                      ------------------------------------------------------------------------------
2025-10-05 18:51:55     Stimulation port         :	3
                        Mode number              :	1
                        Accuracy                 :	2.86111e-13
                        Iterations               :	1
                        Solver time              :	0 s


                      ------------------------------------------------------------------------------
2025-10-05 18:51:56     Delta calculation        
2025-10-05 18:51:56     All S-Parameters         :	0.0489704
2025-10-05 18:51:56   

                      ------------------------------------------------------------------------------
2025-10-05 18:51:58   For some elements the curvature had to be reduced to maintain the quality of the mesh. More...

                      ------------------------------------------------------------------------------
2025-10-05 18:51:58   Adaptive mesh refinement pass 4

                      ------------------------------------------------------------------------------
2025-10-05 18:52:01     Matrix setup time        :	0 s
                        Solver setup             :	1 s
                        Degrees of freedom       :	119671
                        Number of mesh cells     :	18285

                        Stimulation port         :	1
                        Mode number              :	1
                        Accuracy                 :	6.1759e-14
                        Iterations               :	1
                        Solver time              :	0 s


                      ------------------------------------------------------------------------------
2025-10-05 18:52:01     Stimulation port         :	2
                        Mode number              :	1
                        Accuracy                 :	2.35704e-14
                        Iterations               :	1
                        Solver time              :	0 s


                      ------------------------------------------------------------------------------
2025-10-05 18:52:01     Stimulation port         :	3
                        Mode number              :	1
                        Accuracy                 :	7.86628e-14
                        Iterations               :	1
                        Solver time              :	0 s


                      ------------------------------------------------------------------------------
2025-10-05 18:52:01     Delta calculation        
2025-10-05 18:52:01     All S-Parameters         :	0.021827
2025-10-05 18:52:01   

                      ------------------------------------------------------------------------------
2025-10-05 18:52:04   For some elements the curvature had to be reduced to maintain the quality of the mesh. More...

                      ------------------------------------------------------------------------------
2025-10-05 18:52:05   Adaptive mesh refinement pass 5

                      ------------------------------------------------------------------------------
2025-10-05 18:52:09     Matrix setup time        :	1 s
                        Solver setup             :	3 s
                        Degrees of freedom       :	182105
                        Number of mesh cells     :	27852

                        Stimulation port         :	1
                        Mode number              :	1
                        Accuracy                 :	1.35239e-13
                        Iterations               :	1
                        Solver time              :	0 s


                      ------------------------------------------------------------------------------
2025-10-05 18:52:09     Stimulation port         :	2
                        Mode number              :	1
                        Accuracy                 :	3.23923e-14
                        Iterations               :	1
                        Solver time              :	0 s


                      ------------------------------------------------------------------------------
2025-10-05 18:52:09     Stimulation port         :	3
                        Mode number              :	1
                        Accuracy                 :	1.98369e-13
                        Iterations               :	1
                        Solver time              :	0 s


                      ------------------------------------------------------------------------------
2025-10-05 18:52:09     Delta calculation        
2025-10-05 18:52:09     All S-Parameters         :	0.0183765
2025-10-05 18:52:09   

                      ------------------------------------------------------------------------------
2025-10-05 18:52:09   Mesh adaptation terminated because the desired accuracy limit is reached.

                      ------------------------------------------------------------------------------
2025-10-05 18:52:10     Total time               :	30 s

                      ------------------------------------------------------------------------------
2025-10-05 18:52:10   

                      ------------------------------------------------------------------------------
2025-10-05 18:52:10     Calculation 2 (Frequency: 9 GHz)


                      ------------------------------------------------------------------------------
2025-10-05 18:52:11     ----------------------------------------------------------------------------
                        Port   Mode   Type        Z-Wave        Z-Wave-Sigma  Z-Line        F-Cutoff
                        1      1      QTEM        229           15.6          48.8          ---
                        2      1      QTEM        230           15.8          48.8          ---
                        3      1      QTEM        230           15.6          48.8          ---
                        ----------------------------------------------------------------------------


                      ------------------------------------------------------------------------------
2025-10-05 18:52:13     Matrix setup time        :	0 s
                        Solver setup             :	1 s
                        Degrees of freedom       :	182105
                        Number of mesh cells     :	27852

                        Stimulation port         :	1
                        Mode number              :	1
                        Accuracy                 :	5.82385e-14
                        Iterations               :	1
                        Solver time              :	0 s


                      ------------------------------------------------------------------------------
2025-10-05 18:52:13     Stimulation port         :	2
                        Mode number              :	1
                        Accuracy                 :	3.68003e-14
                        Iterations               :	1
                        Solver time              :	0 s


                      ------------------------------------------------------------------------------
2025-10-05 18:52:13     Stimulation port         :	3
                        Mode number              :	1
                        Accuracy                 :	7.82567e-14
                        Iterations               :	1
                        Solver time              :	0 s


                      ------------------------------------------------------------------------------
2025-10-05 18:52:14     Total time               :	3 s

                      ------------------------------------------------------------------------------
2025-10-05 18:52:14   

                      ------------------------------------------------------------------------------
2025-10-05 18:52:14     Calculation 3 (Frequency: 10.5 GHz)


                      ------------------------------------------------------------------------------
2025-10-05 18:52:15     ----------------------------------------------------------------------------
                        Port   Mode   Type        Z-Wave        Z-Wave-Sigma  Z-Line        F-Cutoff
                        1      1      QTEM        229           15.8          48.8          ---
                        2      1      QTEM        229           16.1          48.8          ---
                        3      1      QTEM        229           15.7          48.8          ---
                        ----------------------------------------------------------------------------


                      ------------------------------------------------------------------------------
2025-10-05 18:52:17     Matrix setup time        :	0 s
                        Solver setup             :	1 s
                        Degrees of freedom       :	182105
                        Number of mesh cells     :	27852

                        Stimulation port         :	1
                        Mode number              :	1
                        Accuracy                 :	1.212e-13
                        Iterations               :	1
                        Solver time              :	0 s


                      ------------------------------------------------------------------------------
2025-10-05 18:52:17     Stimulation port         :	2
                        Mode number              :	1
                        Accuracy                 :	3.04348e-14
                        Iterations               :	1
                        Solver time              :	0 s


                      ------------------------------------------------------------------------------
2025-10-05 18:52:17     Stimulation port         :	3
                        Mode number              :	1
                        Accuracy                 :	1.33846e-13
                        Iterations               :	1
                        Solver time              :	0 s


                      ------------------------------------------------------------------------------
2025-10-05 18:52:18     Total time               :	3 s

                      ------------------------------------------------------------------------------
2025-10-05 18:52:18   

                      ------------------------------------------------------------------------------
2025-10-05 18:52:18     Calculation 4 (Frequency: 11.25 GHz)


                      ------------------------------------------------------------------------------
2025-10-05 18:52:18     ----------------------------------------------------------------------------
                        Port   Mode   Type        Z-Wave        Z-Wave-Sigma  Z-Line        F-Cutoff
                        1      1      QTEM        228           16            48.8          ---
                        2      1      QTEM        229           16.3          48.8          ---
                        3      1      QTEM        229           15.7          48.8          ---
                        ----------------------------------------------------------------------------


                      ------------------------------------------------------------------------------
2025-10-05 18:52:21     Matrix setup time        :	0 s
                        Solver setup             :	1 s
                        Degrees of freedom       :	182105
                        Number of mesh cells     :	27852

                        Stimulation port         :	1
                        Mode number              :	1
                        Accuracy                 :	1.46987e-13
                        Iterations               :	1
                        Solver time              :	0 s


                      ------------------------------------------------------------------------------
2025-10-05 18:52:21     Stimulation port         :	2
                        Mode number              :	1
                        Accuracy                 :	2.98569e-14
                        Iterations               :	1
                        Solver time              :	0 s


                      ------------------------------------------------------------------------------
2025-10-05 18:52:21     Stimulation port         :	3
                        Mode number              :	1
                        Accuracy                 :	2.13037e-13
                        Iterations               :	1
                        Solver time              :	0 s


                      ------------------------------------------------------------------------------
2025-10-05 18:52:21     Total time               :	3 s

                      ------------------------------------------------------------------------------
2025-10-05 18:52:21   

                      ------------------------------------------------------------------------------
2025-10-05 18:52:21     Calculation 5 (Frequency: 9.7158 GHz)


                      ------------------------------------------------------------------------------
2025-10-05 18:52:22     ----------------------------------------------------------------------------
                        Port   Mode   Type        Z-Wave        Z-Wave-Sigma  Z-Line        F-Cutoff
                        1      1      QTEM        229           15.6          48.8          ---
                        2      1      QTEM        229           15.9          48.8          ---
                        3      1      QTEM        230           15.7          48.8          ---
                        ----------------------------------------------------------------------------


                      ------------------------------------------------------------------------------
2025-10-05 18:52:25     Matrix setup time        :	0 s
                        Solver setup             :	1 s
                        Degrees of freedom       :	182105
                        Number of mesh cells     :	27852

                        Stimulation port         :	1
                        Mode number              :	1
                        Accuracy                 :	1.43604e-13
                        Iterations               :	1
                        Solver time              :	0 s


                      ------------------------------------------------------------------------------
2025-10-05 18:52:25     Stimulation port         :	2
                        Mode number              :	1
                        Accuracy                 :	3.46259e-14
                        Iterations               :	1
                        Solver time              :	0 s


                      ------------------------------------------------------------------------------
2025-10-05 18:52:25     Stimulation port         :	3
                        Mode number              :	1
                        Accuracy                 :	2.1123e-13
                        Iterations               :	1
                        Solver time              :	0 s


                      ------------------------------------------------------------------------------
2025-10-05 18:52:25     Total time               :	3 s

                      ------------------------------------------------------------------------------
2025-10-05 18:52:25   

                      ------------------------------------------------------------------------------
2025-10-05 18:52:25     Calculation 6 (Frequency: 11.6904 GHz)


                      ------------------------------------------------------------------------------
2025-10-05 18:52:26     ----------------------------------------------------------------------------
                        Port   Mode   Type        Z-Wave        Z-Wave-Sigma  Z-Line        F-Cutoff
                        1      1      QTEM        228           16.2          48.8          ---
                        2      1      QTEM        229           16.5          48.8          ---
                        3      1      QTEM        229           15.8          48.8          ---
                        ----------------------------------------------------------------------------


                      ------------------------------------------------------------------------------
2025-10-05 18:52:29     Matrix setup time        :	0 s
                        Solver setup             :	1 s
                        Degrees of freedom       :	182105
                        Number of mesh cells     :	27852

                        Stimulation port         :	1
                        Mode number              :	1
                        Accuracy                 :	1.28802e-13
                        Iterations               :	1
                        Solver time              :	0 s


                      ------------------------------------------------------------------------------
2025-10-05 18:52:29     Stimulation port         :	2
                        Mode number              :	1
                        Accuracy                 :	2.90332e-14
                        Iterations               :	1
                        Solver time              :	0 s


                      ------------------------------------------------------------------------------
2025-10-05 18:52:29     Stimulation port         :	3
                        Mode number              :	1
                        Accuracy                 :	1.86811e-13
                        Iterations               :	1
                        Solver time              :	0 s


                      ------------------------------------------------------------------------------
2025-10-05 18:52:29     Total time               :	3 s

                      ------------------------------------------------------------------------------
2025-10-05 18:52:29   

                      ------------------------------------------------------------------------------
2025-10-05 18:52:29   Finished the general purpose interpolative broadband frequency sweep:
                      All broadband sweep convergence criteria have been satisfied after
                      calculating 6 frequency samples:

                        Broadband sweep error threshold value :  0.01 (All S-Parameters) 
                        Number of error criterion checks      :  2 (All S-Parameters) 
                        Minimum number of samples             :  3
                        Number of data samples, linear        :  5001

                      ------------------------------------------------------------------------------
2025-10-05 18:52:29     Number of mesh cells     :	27852
                        Degrees of freedom       :	182105
                        Total Solver Time        :	50 s
                      ================================================================================



                      ------------------------------------------------------------------------------
2025-10-05 18:52:29     ----------------------------------------------------------------------------
                                            Peak memory used (kB)         Free physical memory (kB) 
                                                                          At begin     Minimum      
                        ----------------------------------------------------------------------------
                        Solver start        21468                         21158256     21157400     
                        Eq. system setup    1242284                       20979512     20643492     
                        Eq. system solve    1242284                       20969764     19967896     
                        Mesh refinement     820368                        20945972     20801432     
                        Solver run total    1242284                       21158260     19967896     

                        Computer name       DESKTOP-9C14OLV
                        ----------------------------------------------------------------------------


                      ------------------------------------------------------------------------------
2025-10-05 18:52:29   Running postprocessing.

                      ------------------------------------------------------------------------------
2025-10-05 18:52:31   Postprocessing finished.

                      ------------------------------------------------------------------------------
