Unknown:
C:\Users\PinJung\Desktop\computer_share\CST simulation\CST_files\WPD_Simulation_v3\Result\hardware_resources.sconf
C:\Users\PinJung\Desktop\computer_share\CST simulation\CST_files\WPD_Simulation_v3\Result\Model.log
C:\Users\PinJung\Desktop\computer_share\CST simulation\CST_files\WPD_Simulation_v3\Result\Model.sa
C:\Users\PinJung\Desktop\computer_share\CST simulation\CST_files\WPD_Simulation_v3\Result\Port1_e1(#0000).sct
C:\Users\PinJung\Desktop\computer_share\CST simulation\CST_files\WPD_Simulation_v3\Result\Port1_e1(#0001).sct
C:\Users\PinJung\Desktop\computer_share\CST simulation\CST_files\WPD_Simulation_v3\Result\Port1_e1(#0002).sct
C:\Users\PinJung\Desktop\computer_share\CST simulation\CST_files\WPD_Simulation_v3\Result\Port1_e1(#0003).sct
C:\Users\PinJung\Desktop\computer_share\CST simulation\CST_files\WPD_Simulation_v3\Result\Port1_e1(#0004).sct
C:\Users\PinJung\Desktop\computer_share\CST simulation\CST_files\WPD_Simulation_v3\Result\Port1_e1(#0005).sct
C:\Users\PinJung\Desktop\computer_share\CST simulation\CST_files\WPD_Simulation_v3\Result\Port1_e1(#0006).sct
C:\Users\PinJung\Desktop\computer_share\CST simulation\CST_files\WPD_Simulation_v3\Result\Port1_e1(#0007).sct
C:\Users\PinJung\Desktop\computer_share\CST simulation\CST_files\WPD_Simulation_v3\Result\Port1_e1(#0008).sct
C:\Users\PinJung\Desktop\computer_share\CST simulation\CST_files\WPD_Simulation_v3\Result\Port1_e1(#0009).sct
C:\Users\PinJung\Desktop\computer_share\CST simulation\CST_files\WPD_Simulation_v3\Result\Port1_e1(#0010).sct
C:\Users\PinJung\Desktop\computer_share\CST simulation\CST_files\WPD_Simulation_v3\Result\Port1_eInfo1(#0000).pmf
C:\Users\PinJung\Desktop\computer_share\CST simulation\CST_files\WPD_Simulation_v3\Result\Port1_eInfo1(#0001).pmf
C:\Users\PinJung\Desktop\computer_share\CST simulation\CST_files\WPD_Simulation_v3\Result\Port1_eInfo1(#0002).pmf
C:\Users\PinJung\Desktop\computer_share\CST simulation\CST_files\WPD_Simulation_v3\Result\Port1_eInfo1(#0003).pmf
C:\Users\PinJung\Desktop\computer_share\CST simulation\CST_files\WPD_Simulation_v3\Result\Port1_eInfo1(#0004).pmf
C:\Users\PinJung\Desktop\computer_share\CST simulation\CST_files\WPD_Simulation_v3\Result\Port1_eInfo1(#0005).pmf
C:\Users\PinJung\Desktop\computer_share\CST simulation\CST_files\WPD_Simulation_v3\Result\Port1_eInfo1(#0006).pmf
C:\Users\PinJung\Desktop\computer_share\CST simulation\CST_files\WPD_Simulation_v3\Result\Port1_eInfo1(#0007).pmf
C:\Users\PinJung\Desktop\computer_share\CST simulation\CST_files\WPD_Simulation_v3\Result\Port1_eInfo1(#0008).pmf
C:\Users\PinJung\Desktop\computer_share\CST simulation\CST_files\WPD_Simulation_v3\Result\Port1_eInfo1(#0009).pmf
C:\Users\PinJung\Desktop\computer_share\CST simulation\CST_files\WPD_Simulation_v3\Result\Port1_eInfo1(#0010).pmf
C:\Users\PinJung\Desktop\computer_share\CST simulation\CST_files\WPD_Simulation_v3\Result\Port1_h1(#0000).sct
C:\Users\PinJung\Desktop\computer_share\CST simulation\CST_files\WPD_Simulation_v3\Result\Port1_h1(#0001).sct
C:\Users\PinJung\Desktop\computer_share\CST simulation\CST_files\WPD_Simulation_v3\Result\Port1_h1(#0002).sct
C:\Users\PinJung\Desktop\computer_share\CST simulation\CST_files\WPD_Simulation_v3\Result\Port1_h1(#0003).sct
C:\Users\PinJung\Desktop\computer_share\CST simulation\CST_files\WPD_Simulation_v3\Result\Port1_h1(#0004).sct
C:\Users\PinJung\Desktop\computer_share\CST simulation\CST_files\WPD_Simulation_v3\Result\Port1_h1(#0005).sct
C:\Users\PinJung\Desktop\computer_share\CST simulation\CST_files\WPD_Simulation_v3\Result\Port1_h1(#0006).sct
C:\Users\PinJung\Desktop\computer_share\CST simulation\CST_files\WPD_Simulation_v3\Result\Port1_h1(#0007).sct
C:\Users\PinJung\Desktop\computer_share\CST simulation\CST_files\WPD_Simulation_v3\Result\Port1_h1(#0008).sct
C:\Users\PinJung\Desktop\computer_share\CST simulation\CST_files\WPD_Simulation_v3\Result\Port1_h1(#0009).sct
C:\Users\PinJung\Desktop\computer_share\CST simulation\CST_files\WPD_Simulation_v3\Result\Port1_h1(#0010).sct
C:\Users\PinJung\Desktop\computer_share\CST simulation\CST_files\WPD_Simulation_v3\Result\Port1_hInfo1(#0000).pmf
C:\Users\PinJung\Desktop\computer_share\CST simulation\CST_files\WPD_Simulation_v3\Result\Port1_hInfo1(#0001).pmf
C:\Users\PinJung\Desktop\computer_share\CST simulation\CST_files\WPD_Simulation_v3\Result\Port1_hInfo1(#0002).pmf
C:\Users\PinJung\Desktop\computer_share\CST simulation\CST_files\WPD_Simulation_v3\Result\Port1_hInfo1(#0003).pmf
C:\Users\PinJung\Desktop\computer_share\CST simulation\CST_files\WPD_Simulation_v3\Result\Port1_hInfo1(#0004).pmf
C:\Users\PinJung\Desktop\computer_share\CST simulation\CST_files\WPD_Simulation_v3\Result\Port1_hInfo1(#0005).pmf
C:\Users\PinJung\Desktop\computer_share\CST simulation\CST_files\WPD_Simulation_v3\Result\Port1_hInfo1(#0006).pmf
C:\Users\PinJung\Desktop\computer_share\CST simulation\CST_files\WPD_Simulation_v3\Result\Port1_hInfo1(#0007).pmf
C:\Users\PinJung\Desktop\computer_share\CST simulation\CST_files\WPD_Simulation_v3\Result\Port1_hInfo1(#0008).pmf
C:\Users\PinJung\Desktop\computer_share\CST simulation\CST_files\WPD_Simulation_v3\Result\Port1_hInfo1(#0009).pmf
C:\Users\PinJung\Desktop\computer_share\CST simulation\CST_files\WPD_Simulation_v3\Result\Port1_hInfo1(#0010).pmf
C:\Users\PinJung\Desktop\computer_share\CST simulation\CST_files\WPD_Simulation_v3\Result\Port1_Info1(#0000).mmd
C:\Users\PinJung\Desktop\computer_share\CST simulation\CST_files\WPD_Simulation_v3\Result\Port1_Info1(#0001).mmd
C:\Users\PinJung\Desktop\computer_share\CST simulation\CST_files\WPD_Simulation_v3\Result\Port1_Info1(#0002).mmd
C:\Users\PinJung\Desktop\computer_share\CST simulation\CST_files\WPD_Simulation_v3\Result\Port1_Info1(#0003).mmd
C:\Users\PinJung\Desktop\computer_share\CST simulation\CST_files\WPD_Simulation_v3\Result\Port1_Info1(#0004).mmd
C:\Users\PinJung\Desktop\computer_share\CST simulation\CST_files\WPD_Simulation_v3\Result\Port1_Info1(#0005).mmd
C:\Users\PinJung\Desktop\computer_share\CST simulation\CST_files\WPD_Simulation_v3\Result\Port1_Info1(#0006).mmd
C:\Users\PinJung\Desktop\computer_share\CST simulation\CST_files\WPD_Simulation_v3\Result\Port1_Info1(#0007).mmd
C:\Users\PinJung\Desktop\computer_share\CST simulation\CST_files\WPD_Simulation_v3\Result\Port1_Info1(#0008).mmd
C:\Users\PinJung\Desktop\computer_share\CST simulation\CST_files\WPD_Simulation_v3\Result\Port1_Info1(#0009).mmd
C:\Users\PinJung\Desktop\computer_share\CST simulation\CST_files\WPD_Simulation_v3\Result\Port1_Info1(#0010).mmd
C:\Users\PinJung\Desktop\computer_share\CST simulation\CST_files\WPD_Simulation_v3\Result\Port2_e1(#0000).sct
C:\Users\PinJung\Desktop\computer_share\CST simulation\CST_files\WPD_Simulation_v3\Result\Port2_e1(#0001).sct
C:\Users\PinJung\Desktop\computer_share\CST simulation\CST_files\WPD_Simulation_v3\Result\Port2_e1(#0002).sct
C:\Users\PinJung\Desktop\computer_share\CST simulation\CST_files\WPD_Simulation_v3\Result\Port2_e1(#0003).sct
C:\Users\PinJung\Desktop\computer_share\CST simulation\CST_files\WPD_Simulation_v3\Result\Port2_e1(#0004).sct
C:\Users\PinJung\Desktop\computer_share\CST simulation\CST_files\WPD_Simulation_v3\Result\Port2_e1(#0005).sct
C:\Users\PinJung\Desktop\computer_share\CST simulation\CST_files\WPD_Simulation_v3\Result\Port2_e1(#0006).sct
C:\Users\PinJung\Desktop\computer_share\CST simulation\CST_files\WPD_Simulation_v3\Result\Port2_e1(#0007).sct
C:\Users\PinJung\Desktop\computer_share\CST simulation\CST_files\WPD_Simulation_v3\Result\Port2_e1(#0008).sct
C:\Users\PinJung\Desktop\computer_share\CST simulation\CST_files\WPD_Simulation_v3\Result\Port2_e1(#0009).sct
C:\Users\PinJung\Desktop\computer_share\CST simulation\CST_files\WPD_Simulation_v3\Result\Port2_e1(#0010).sct
C:\Users\PinJung\Desktop\computer_share\CST simulation\CST_files\WPD_Simulation_v3\Result\Port2_eInfo1(#0000).pmf
C:\Users\PinJung\Desktop\computer_share\CST simulation\CST_files\WPD_Simulation_v3\Result\Port2_eInfo1(#0001).pmf
C:\Users\PinJung\Desktop\computer_share\CST simulation\CST_files\WPD_Simulation_v3\Result\Port2_eInfo1(#0002).pmf
C:\Users\PinJung\Desktop\computer_share\CST simulation\CST_files\WPD_Simulation_v3\Result\Port2_eInfo1(#0003).pmf
C:\Users\PinJung\Desktop\computer_share\CST simulation\CST_files\WPD_Simulation_v3\Result\Port2_eInfo1(#0004).pmf
C:\Users\PinJung\Desktop\computer_share\CST simulation\CST_files\WPD_Simulation_v3\Result\Port2_eInfo1(#0005).pmf
C:\Users\PinJung\Desktop\computer_share\CST simulation\CST_files\WPD_Simulation_v3\Result\Port2_eInfo1(#0006).pmf
C:\Users\PinJung\Desktop\computer_share\CST simulation\CST_files\WPD_Simulation_v3\Result\Port2_eInfo1(#0007).pmf
C:\Users\PinJung\Desktop\computer_share\CST simulation\CST_files\WPD_Simulation_v3\Result\Port2_eInfo1(#0008).pmf
C:\Users\PinJung\Desktop\computer_share\CST simulation\CST_files\WPD_Simulation_v3\Result\Port2_eInfo1(#0009).pmf
C:\Users\PinJung\Desktop\computer_share\CST simulation\CST_files\WPD_Simulation_v3\Result\Port2_eInfo1(#0010).pmf
C:\Users\PinJung\Desktop\computer_share\CST simulation\CST_files\WPD_Simulation_v3\Result\Port2_h1(#0000).sct
C:\Users\PinJung\Desktop\computer_share\CST simulation\CST_files\WPD_Simulation_v3\Result\Port2_h1(#0001).sct
C:\Users\PinJung\Desktop\computer_share\CST simulation\CST_files\WPD_Simulation_v3\Result\Port2_h1(#0002).sct
C:\Users\PinJung\Desktop\computer_share\CST simulation\CST_files\WPD_Simulation_v3\Result\Port2_h1(#0003).sct
C:\Users\PinJung\Desktop\computer_share\CST simulation\CST_files\WPD_Simulation_v3\Result\Port2_h1(#0004).sct
C:\Users\PinJung\Desktop\computer_share\CST simulation\CST_files\WPD_Simulation_v3\Result\Port2_h1(#0005).sct
C:\Users\PinJung\Desktop\computer_share\CST simulation\CST_files\WPD_Simulation_v3\Result\Port2_h1(#0006).sct
C:\Users\PinJung\Desktop\computer_share\CST simulation\CST_files\WPD_Simulation_v3\Result\Port2_h1(#0007).sct
C:\Users\PinJung\Desktop\computer_share\CST simulation\CST_files\WPD_Simulation_v3\Result\Port2_h1(#0008).sct
C:\Users\PinJung\Desktop\computer_share\CST simulation\CST_files\WPD_Simulation_v3\Result\Port2_h1(#0009).sct
C:\Users\PinJung\Desktop\computer_share\CST simulation\CST_files\WPD_Simulation_v3\Result\Port2_h1(#0010).sct
C:\Users\PinJung\Desktop\computer_share\CST simulation\CST_files\WPD_Simulation_v3\Result\Port2_hInfo1(#0000).pmf
C:\Users\PinJung\Desktop\computer_share\CST simulation\CST_files\WPD_Simulation_v3\Result\Port2_hInfo1(#0001).pmf
C:\Users\PinJung\Desktop\computer_share\CST simulation\CST_files\WPD_Simulation_v3\Result\Port2_hInfo1(#0002).pmf
C:\Users\PinJung\Desktop\computer_share\CST simulation\CST_files\WPD_Simulation_v3\Result\Port2_hInfo1(#0003).pmf
C:\Users\PinJung\Desktop\computer_share\CST simulation\CST_files\WPD_Simulation_v3\Result\Port2_hInfo1(#0004).pmf
C:\Users\PinJung\Desktop\computer_share\CST simulation\CST_files\WPD_Simulation_v3\Result\Port2_hInfo1(#0005).pmf
C:\Users\PinJung\Desktop\computer_share\CST simulation\CST_files\WPD_Simulation_v3\Result\Port2_hInfo1(#0006).pmf
C:\Users\PinJung\Desktop\computer_share\CST simulation\CST_files\WPD_Simulation_v3\Result\Port2_hInfo1(#0007).pmf
C:\Users\PinJung\Desktop\computer_share\CST simulation\CST_files\WPD_Simulation_v3\Result\Port2_hInfo1(#0008).pmf
C:\Users\PinJung\Desktop\computer_share\CST simulation\CST_files\WPD_Simulation_v3\Result\Port2_hInfo1(#0009).pmf
C:\Users\PinJung\Desktop\computer_share\CST simulation\CST_files\WPD_Simulation_v3\Result\Port2_hInfo1(#0010).pmf
C:\Users\PinJung\Desktop\computer_share\CST simulation\CST_files\WPD_Simulation_v3\Result\Port2_Info1(#0000).mmd
C:\Users\PinJung\Desktop\computer_share\CST simulation\CST_files\WPD_Simulation_v3\Result\Port2_Info1(#0001).mmd
C:\Users\PinJung\Desktop\computer_share\CST simulation\CST_files\WPD_Simulation_v3\Result\Port2_Info1(#0002).mmd
C:\Users\PinJung\Desktop\computer_share\CST simulation\CST_files\WPD_Simulation_v3\Result\Port2_Info1(#0003).mmd
C:\Users\PinJung\Desktop\computer_share\CST simulation\CST_files\WPD_Simulation_v3\Result\Port2_Info1(#0004).mmd
C:\Users\PinJung\Desktop\computer_share\CST simulation\CST_files\WPD_Simulation_v3\Result\Port2_Info1(#0005).mmd
C:\Users\PinJung\Desktop\computer_share\CST simulation\CST_files\WPD_Simulation_v3\Result\Port2_Info1(#0006).mmd
C:\Users\PinJung\Desktop\computer_share\CST simulation\CST_files\WPD_Simulation_v3\Result\Port2_Info1(#0007).mmd
C:\Users\PinJung\Desktop\computer_share\CST simulation\CST_files\WPD_Simulation_v3\Result\Port2_Info1(#0008).mmd
C:\Users\PinJung\Desktop\computer_share\CST simulation\CST_files\WPD_Simulation_v3\Result\Port2_Info1(#0009).mmd
C:\Users\PinJung\Desktop\computer_share\CST simulation\CST_files\WPD_Simulation_v3\Result\Port2_Info1(#0010).mmd
C:\Users\PinJung\Desktop\computer_share\CST simulation\CST_files\WPD_Simulation_v3\Result\Port3_e1(#0000).sct
C:\Users\PinJung\Desktop\computer_share\CST simulation\CST_files\WPD_Simulation_v3\Result\Port3_e1(#0001).sct
C:\Users\PinJung\Desktop\computer_share\CST simulation\CST_files\WPD_Simulation_v3\Result\Port3_e1(#0002).sct
C:\Users\PinJung\Desktop\computer_share\CST simulation\CST_files\WPD_Simulation_v3\Result\Port3_e1(#0003).sct
C:\Users\PinJung\Desktop\computer_share\CST simulation\CST_files\WPD_Simulation_v3\Result\Port3_e1(#0004).sct
C:\Users\PinJung\Desktop\computer_share\CST simulation\CST_files\WPD_Simulation_v3\Result\Port3_e1(#0005).sct
C:\Users\PinJung\Desktop\computer_share\CST simulation\CST_files\WPD_Simulation_v3\Result\Port3_e1(#0006).sct
C:\Users\PinJung\Desktop\computer_share\CST simulation\CST_files\WPD_Simulation_v3\Result\Port3_e1(#0007).sct
C:\Users\PinJung\Desktop\computer_share\CST simulation\CST_files\WPD_Simulation_v3\Result\Port3_e1(#0008).sct
C:\Users\PinJung\Desktop\computer_share\CST simulation\CST_files\WPD_Simulation_v3\Result\Port3_e1(#0009).sct
C:\Users\PinJung\Desktop\computer_share\CST simulation\CST_files\WPD_Simulation_v3\Result\Port3_e1(#0010).sct
C:\Users\PinJung\Desktop\computer_share\CST simulation\CST_files\WPD_Simulation_v3\Result\Port3_eInfo1(#0000).pmf
C:\Users\PinJung\Desktop\computer_share\CST simulation\CST_files\WPD_Simulation_v3\Result\Port3_eInfo1(#0001).pmf
C:\Users\PinJung\Desktop\computer_share\CST simulation\CST_files\WPD_Simulation_v3\Result\Port3_eInfo1(#0002).pmf
C:\Users\PinJung\Desktop\computer_share\CST simulation\CST_files\WPD_Simulation_v3\Result\Port3_eInfo1(#0003).pmf
C:\Users\PinJung\Desktop\computer_share\CST simulation\CST_files\WPD_Simulation_v3\Result\Port3_eInfo1(#0004).pmf
C:\Users\PinJung\Desktop\computer_share\CST simulation\CST_files\WPD_Simulation_v3\Result\Port3_eInfo1(#0005).pmf
C:\Users\PinJung\Desktop\computer_share\CST simulation\CST_files\WPD_Simulation_v3\Result\Port3_eInfo1(#0006).pmf
C:\Users\PinJung\Desktop\computer_share\CST simulation\CST_files\WPD_Simulation_v3\Result\Port3_eInfo1(#0007).pmf
C:\Users\PinJung\Desktop\computer_share\CST simulation\CST_files\WPD_Simulation_v3\Result\Port3_eInfo1(#0008).pmf
C:\Users\PinJung\Desktop\computer_share\CST simulation\CST_files\WPD_Simulation_v3\Result\Port3_eInfo1(#0009).pmf
C:\Users\PinJung\Desktop\computer_share\CST simulation\CST_files\WPD_Simulation_v3\Result\Port3_eInfo1(#0010).pmf
C:\Users\PinJung\Desktop\computer_share\CST simulation\CST_files\WPD_Simulation_v3\Result\Port3_h1(#0000).sct
C:\Users\PinJung\Desktop\computer_share\CST simulation\CST_files\WPD_Simulation_v3\Result\Port3_h1(#0001).sct
C:\Users\PinJung\Desktop\computer_share\CST simulation\CST_files\WPD_Simulation_v3\Result\Port3_h1(#0002).sct
C:\Users\PinJung\Desktop\computer_share\CST simulation\CST_files\WPD_Simulation_v3\Result\Port3_h1(#0003).sct
C:\Users\PinJung\Desktop\computer_share\CST simulation\CST_files\WPD_Simulation_v3\Result\Port3_h1(#0004).sct
C:\Users\PinJung\Desktop\computer_share\CST simulation\CST_files\WPD_Simulation_v3\Result\Port3_h1(#0005).sct
C:\Users\PinJung\Desktop\computer_share\CST simulation\CST_files\WPD_Simulation_v3\Result\Port3_h1(#0006).sct
C:\Users\PinJung\Desktop\computer_share\CST simulation\CST_files\WPD_Simulation_v3\Result\Port3_h1(#0007).sct
C:\Users\PinJung\Desktop\computer_share\CST simulation\CST_files\WPD_Simulation_v3\Result\Port3_h1(#0008).sct
C:\Users\PinJung\Desktop\computer_share\CST simulation\CST_files\WPD_Simulation_v3\Result\Port3_h1(#0009).sct
C:\Users\PinJung\Desktop\computer_share\CST simulation\CST_files\WPD_Simulation_v3\Result\Port3_h1(#0010).sct
C:\Users\PinJung\Desktop\computer_share\CST simulation\CST_files\WPD_Simulation_v3\Result\Port3_hInfo1(#0000).pmf
C:\Users\PinJung\Desktop\computer_share\CST simulation\CST_files\WPD_Simulation_v3\Result\Port3_hInfo1(#0001).pmf
C:\Users\PinJung\Desktop\computer_share\CST simulation\CST_files\WPD_Simulation_v3\Result\Port3_hInfo1(#0002).pmf
C:\Users\PinJung\Desktop\computer_share\CST simulation\CST_files\WPD_Simulation_v3\Result\Port3_hInfo1(#0003).pmf
C:\Users\PinJung\Desktop\computer_share\CST simulation\CST_files\WPD_Simulation_v3\Result\Port3_hInfo1(#0004).pmf
C:\Users\PinJung\Desktop\computer_share\CST simulation\CST_files\WPD_Simulation_v3\Result\Port3_hInfo1(#0005).pmf
C:\Users\PinJung\Desktop\computer_share\CST simulation\CST_files\WPD_Simulation_v3\Result\Port3_hInfo1(#0006).pmf
C:\Users\PinJung\Desktop\computer_share\CST simulation\CST_files\WPD_Simulation_v3\Result\Port3_hInfo1(#0007).pmf
C:\Users\PinJung\Desktop\computer_share\CST simulation\CST_files\WPD_Simulation_v3\Result\Port3_hInfo1(#0008).pmf
C:\Users\PinJung\Desktop\computer_share\CST simulation\CST_files\WPD_Simulation_v3\Result\Port3_hInfo1(#0009).pmf
C:\Users\PinJung\Desktop\computer_share\CST simulation\CST_files\WPD_Simulation_v3\Result\Port3_hInfo1(#0010).pmf
C:\Users\PinJung\Desktop\computer_share\CST simulation\CST_files\WPD_Simulation_v3\Result\Port3_Info1(#0000).mmd
C:\Users\PinJung\Desktop\computer_share\CST simulation\CST_files\WPD_Simulation_v3\Result\Port3_Info1(#0001).mmd
C:\Users\PinJung\Desktop\computer_share\CST simulation\CST_files\WPD_Simulation_v3\Result\Port3_Info1(#0002).mmd
C:\Users\PinJung\Desktop\computer_share\CST simulation\CST_files\WPD_Simulation_v3\Result\Port3_Info1(#0003).mmd
C:\Users\PinJung\Desktop\computer_share\CST simulation\CST_files\WPD_Simulation_v3\Result\Port3_Info1(#0004).mmd
C:\Users\PinJung\Desktop\computer_share\CST simulation\CST_files\WPD_Simulation_v3\Result\Port3_Info1(#0005).mmd
C:\Users\PinJung\Desktop\computer_share\CST simulation\CST_files\WPD_Simulation_v3\Result\Port3_Info1(#0006).mmd
C:\Users\PinJung\Desktop\computer_share\CST simulation\CST_files\WPD_Simulation_v3\Result\Port3_Info1(#0007).mmd
C:\Users\PinJung\Desktop\computer_share\CST simulation\CST_files\WPD_Simulation_v3\Result\Port3_Info1(#0008).mmd
C:\Users\PinJung\Desktop\computer_share\CST simulation\CST_files\WPD_Simulation_v3\Result\Port3_Info1(#0009).mmd
C:\Users\PinJung\Desktop\computer_share\CST simulation\CST_files\WPD_Simulation_v3\Result\Port3_Info1(#0010).mmd
C:\Users\PinJung\Desktop\computer_share\CST simulation\CST_files\WPD_Simulation_v3\Result\SolCoef(#0000)_1(1).scf
C:\Users\PinJung\Desktop\computer_share\CST simulation\CST_files\WPD_Simulation_v3\Result\SolCoef(#0000)_2(1).scf
C:\Users\PinJung\Desktop\computer_share\CST simulation\CST_files\WPD_Simulation_v3\Result\SolCoef(#0000)_3(1).scf
C:\Users\PinJung\Desktop\computer_share\CST simulation\CST_files\WPD_Simulation_v3\Result\SolCoef(#0001)_1(1).scf
C:\Users\PinJung\Desktop\computer_share\CST simulation\CST_files\WPD_Simulation_v3\Result\SolCoef(#0001)_2(1).scf
C:\Users\PinJung\Desktop\computer_share\CST simulation\CST_files\WPD_Simulation_v3\Result\SolCoef(#0001)_3(1).scf
Mesh:
C:\Users\PinJung\Desktop\computer_share\CST simulation\CST_files\WPD_Simulation_v3\Result\3do.slim
C:\Users\PinJung\Desktop\computer_share\CST simulation\CST_files\WPD_Simulation_v3\Result\bad0.tet
C:\Users\PinJung\Desktop\computer_share\CST simulation\CST_files\WPD_Simulation_v3\Result\log.tet
C:\Users\PinJung\Desktop\computer_share\CST simulation\CST_files\WPD_Simulation_v3\Result\Mesh_Input.Entities2Mesh.tet
C:\Users\PinJung\Desktop\computer_share\CST simulation\CST_files\WPD_Simulation_v3\Result\Mesh_Input.Options.tet
C:\Users\PinJung\Desktop\computer_share\CST simulation\CST_files\WPD_Simulation_v3\Result\Mesh_Input.Properties.tet
C:\Users\PinJung\Desktop\computer_share\CST simulation\CST_files\WPD_Simulation_v3\Result\Mesh_Input.QuasiModel.tet
C:\Users\PinJung\Desktop\computer_share\CST simulation\CST_files\WPD_Simulation_v3\Result\Mesh_Output.QuasiModel.tet
C:\Users\PinJung\Desktop\computer_share\CST simulation\CST_files\WPD_Simulation_v3\Result\Mesh_Output.U2F.tet
C:\Users\PinJung\Desktop\computer_share\CST simulation\CST_files\WPD_Simulation_v3\Result\mir.tet
C:\Users\PinJung\Desktop\computer_share\CST simulation\CST_files\WPD_Simulation_v3\Result\moegeom.tet
C:\Users\PinJung\Desktop\computer_share\CST simulation\CST_files\WPD_Simulation_v3\Result\Port1.slim
C:\Users\PinJung\Desktop\computer_share\CST simulation\CST_files\WPD_Simulation_v3\Result\Port2.slim
C:\Users\PinJung\Desktop\computer_share\CST simulation\CST_files\WPD_Simulation_v3\Result\Port3.slim
C:\Users\PinJung\Desktop\computer_share\CST simulation\CST_files\WPD_Simulation_v3\Result\refinementparents.tet
C:\Users\PinJung\Desktop\computer_share\CST simulation\CST_files\WPD_Simulation_v3\Result\reftags.tet
C:\Users\PinJung\Desktop\computer_share\CST simulation\CST_files\WPD_Simulation_v3\Result\tetquality.tet
C:\Users\PinJung\Desktop\computer_share\CST simulation\CST_files\WPD_Simulation_v3\Result\topot.tet
Port:
C:\Users\PinJung\Desktop\computer_share\CST simulation\CST_files\WPD_Simulation_v3\Result\Model.pmi
