2025-09-22 11:50:29   In order to get an optimal performance, hyperthreading is ignored for parallel
                      computations.

                      ------------------------------------------------------------------------------
2025-09-22 11:50:29   The length ratio between the shortest and the longest model edges is 1:4060.
                      Short model edges can be highlighted via Mesh:Mesh Control->Check Mesh->Check
                      Model Edge Length.... (It may be advantageous to model the metallizations as
                      infinitely thin sheets.) More...

                      ------------------------------------------------------------------------------
2025-09-22 11:50:29   --- Material prioritization table with "ElectricConductivity" scheme was used
                      ---
                       - Copper (pure)
                       - PEC
                       - Wilkinson PD-odb(PCB1)/Copper
                       - Wilkinson PD-odb(PCB1)/PEC Sheets
                       - Wilkinson PD-odb(PCB1)/VIAS_MATERIAL
                       - $CoilMaterial$
                       - $NFSMaterial$
                       - Rogers RO4350B LoPro (loss free)
                       - Vacuum
                       - Wilkinson PD-odb(PCB1)/FR4
                       - air_0

                      ------------------------------------------------------------------------------
2025-09-22 11:50:36   *** Warning ***

                      This software is licensed for non-commercial use only.

                      ------------------------------------------------------------------------------
2025-09-22 11:50:38   Units settings: 

                        Dimensions: mil
                        Frequency:  GHz
                        Time:       ns

                      ------------------------------------------------------------------------------
2025-09-22 11:50:38   Boundary conditions: 

                        YZsymmetry: none
                        XZsymmetry: none
                        XYsymmetry: none

                        Xmin: expanded open
                        Xmax: expanded open

                        Ymin: electric
                        Ymax: electric

                        Zmin: open
                        Zmax: expanded open

                      ------------------------------------------------------------------------------
2025-09-22 11:50:38   Order settings: 

                        Solver order   : 2nd (constant)
                        Curved elements: up to order 3 (automatic)

                      ------------------------------------------------------------------------------
2025-09-22 11:50:38   An iterative solver will be used first.

                      ------------------------------------------------------------------------------
2025-09-22 11:50:38     Mesh time                :	6 s


                      ------------------------------------------------------------------------------
2025-09-22 11:50:38   
                      ================================================================================
                      Frequency Domain Solver calculation cycle started

                      ------------------------------------------------------------------------------
2025-09-22 11:50:38   Solver started at: 2025-09-22 11:50:38 -0700

                        Module:  Frequency Domain: S-Parameter (Win 64)
                        Version: 2024.0 Release from 2023-09-01 (change 1164796)

                      ------------------------------------------------------------------------------
2025-09-22 11:50:38   *** Warning ***

2025-09-22 11:50:38   Normal materials assigned to 2D sheets will be ignored. This is the case for Wilkinson 
                      PD-odb(PCB1)/Substrates:03_DIELECTRIC_1.

                      ------------------------------------------------------------------------------
2025-09-22 11:50:38     Calculation 1 of 1 (Frequency: 5 GHz)


                      ------------------------------------------------------------------------------
2025-09-22 11:50:39   For some elements the curvature had to be reduced to maintain the quality of the mesh. More...

                      ------------------------------------------------------------------------------
2025-09-22 11:50:41   For some elements the curvature had to be reduced to maintain the quality of the mesh. More...

                      ------------------------------------------------------------------------------
2025-09-22 11:50:42   For some elements the curvature had to be reduced to maintain the quality of the mesh. More...

                      ------------------------------------------------------------------------------
2025-09-22 11:50:43   For some elements the curvature had to be reduced to maintain the quality of the mesh. More...

                      ------------------------------------------------------------------------------
2025-09-22 11:50:44   For some elements the curvature had to be reduced to maintain the quality of the mesh. More...

                      ------------------------------------------------------------------------------
2025-09-22 11:50:45   For some elements the curvature had to be reduced to maintain the quality of the mesh. More...

                      ------------------------------------------------------------------------------
2025-09-22 11:50:46     ----------------------------------------------------------------------------
                        Port   Mode   Type        Z-Wave        Z-Wave-Sigma  Z-Line        F-Cutoff
                        1      1      QTEM        247           24            38.7          ---
                        2      1      QTEM        251           15            38.7          ---
                        3      1      QTEM        246           21.9          38.7          ---
                        ----------------------------------------------------------------------------


                      ------------------------------------------------------------------------------
2025-09-22 11:50:46   Please consider improving the initial mesh.  More...

                      ------------------------------------------------------------------------------
2025-09-22 11:50:46   Adaptive mesh refinement pass 1

                      ------------------------------------------------------------------------------
2025-09-22 11:50:47   Performing block excitation with block size 3 and 4 threads.  More...

                      ------------------------------------------------------------------------------
2025-09-22 11:50:53     Matrix setup time        :	0 s
                        Degrees of freedom       :	65253
                        Number of mesh cells     :	9800

                        Stimulation port         :	1
                        Mode number              :	1
                        Accuracy                 :	8.41937e-05
                        Iterations               :	167
                        Solver time              :	6 s


                      ------------------------------------------------------------------------------
2025-09-22 11:50:53     Stimulation port         :	2
                        Mode number              :	1
                        Accuracy                 :	8.36339e-05
                        Iterations               :	166
                        Solver time              :	6 s


                      ------------------------------------------------------------------------------
2025-09-22 11:50:53     Stimulation port         :	3
                        Mode number              :	1
                        Accuracy                 :	9.5336e-05
                        Iterations               :	138
                        Solver time              :	5 s


                      ------------------------------------------------------------------------------
2025-09-22 11:50:53   7% of all mesh edges seem to be longer than expected. The adaptive mesh refinement's growth limitation will therefore 
                      use 13999 instead of 9783 mesh cells as a reference.

                      ------------------------------------------------------------------------------
2025-09-22 11:50:53   The quality of some tetrahedrons is low.  More...

                      ------------------------------------------------------------------------------
2025-09-22 11:50:55   For some elements the curvature had to be reduced to maintain the quality of the mesh. More...

                      ------------------------------------------------------------------------------
2025-09-22 11:50:56   Adaptive mesh refinement pass 2

                      ------------------------------------------------------------------------------
2025-09-22 11:51:01     Matrix setup time        :	0 s
                        Degrees of freedom       :	78449
                        Number of mesh cells     :	11845

                        Stimulation port         :	1
                        Mode number              :	1
                        Accuracy                 :	8.03829e-05
                        Iterations               :	112
                        Solver time              :	4 s


                      ------------------------------------------------------------------------------
2025-09-22 11:51:01     Stimulation port         :	2
                        Mode number              :	1
                        Accuracy                 :	7.27107e-05
                        Iterations               :	112
                        Solver time              :	4 s


                      ------------------------------------------------------------------------------
2025-09-22 11:51:01     Stimulation port         :	3
                        Mode number              :	1
                        Accuracy                 :	9.8944e-05
                        Iterations               :	116
                        Solver time              :	4 s


                      ------------------------------------------------------------------------------
2025-09-22 11:51:01     Delta calculation        
2025-09-22 11:51:01     All S-Parameters         :	0.0959326
2025-09-22 11:51:01   

                      ------------------------------------------------------------------------------
2025-09-22 11:51:03   For some elements the curvature had to be reduced to maintain the quality of the mesh. More...

                      ------------------------------------------------------------------------------
2025-09-22 11:51:04   Adaptive mesh refinement pass 3

                      ------------------------------------------------------------------------------
2025-09-22 11:51:10     Matrix setup time        :	0 s
                        Degrees of freedom       :	92517
                        Number of mesh cells     :	13992

                        Stimulation port         :	1
                        Mode number              :	1
                        Accuracy                 :	8.84493e-05
                        Iterations               :	90
                        Solver time              :	4 s


                      ------------------------------------------------------------------------------
2025-09-22 11:51:10     Stimulation port         :	2
                        Mode number              :	1
                        Accuracy                 :	9.49063e-05
                        Iterations               :	90
                        Solver time              :	4 s


                      ------------------------------------------------------------------------------
2025-09-22 11:51:10     Stimulation port         :	3
                        Mode number              :	1
                        Accuracy                 :	6.636e-05
                        Iterations               :	95
                        Solver time              :	4 s


                      ------------------------------------------------------------------------------
2025-09-22 11:51:10     Delta calculation        
2025-09-22 11:51:10     All S-Parameters         :	0.0525847
2025-09-22 11:51:10   

                      ------------------------------------------------------------------------------
2025-09-22 11:51:10   The quality of some tetrahedrons is low.  More...

                      ------------------------------------------------------------------------------
2025-09-22 11:51:12   For some elements the curvature had to be reduced to maintain the quality of the mesh. More...

                      ------------------------------------------------------------------------------
2025-09-22 11:51:13   Adaptive mesh refinement pass 4

                      ------------------------------------------------------------------------------
2025-09-22 11:51:22     Matrix setup time        :	0 s
                        Degrees of freedom       :	132809
                        Number of mesh cells     :	20156

                        Stimulation port         :	1
                        Mode number              :	1
                        Accuracy                 :	9.93866e-05
                        Iterations               :	96
                        Solver time              :	7 s


                      ------------------------------------------------------------------------------
2025-09-22 11:51:22     Stimulation port         :	2
                        Mode number              :	1
                        Accuracy                 :	8.72406e-05
                        Iterations               :	90
                        Solver time              :	7 s


                      ------------------------------------------------------------------------------
2025-09-22 11:51:22     Stimulation port         :	3
                        Mode number              :	1
                        Accuracy                 :	6.95576e-05
                        Iterations               :	95
                        Solver time              :	7 s


                      ------------------------------------------------------------------------------
2025-09-22 11:51:22     Delta calculation        
2025-09-22 11:51:22     All S-Parameters         :	0.0408232
2025-09-22 11:51:22   

                      ------------------------------------------------------------------------------
2025-09-22 11:51:22   The quality of some tetrahedrons is low.  More...

                      ------------------------------------------------------------------------------
2025-09-22 11:51:26   For some elements the curvature had to be reduced to maintain the quality of the mesh. More...

                      ------------------------------------------------------------------------------
2025-09-22 11:51:26   Adaptive mesh refinement pass 5

                      ------------------------------------------------------------------------------
2025-09-22 11:51:38     Matrix setup time        :	0 s
                        Degrees of freedom       :	183503
                        Number of mesh cells     :	27954

                        Stimulation port         :	1
                        Mode number              :	1
                        Accuracy                 :	9.75367e-05
                        Iterations               :	77
                        Solver time              :	8 s


                      ------------------------------------------------------------------------------
2025-09-22 11:51:38     Stimulation port         :	2
                        Mode number              :	1
                        Accuracy                 :	9.24105e-05
                        Iterations               :	84
                        Solver time              :	9 s


                      ------------------------------------------------------------------------------
2025-09-22 11:51:38     Stimulation port         :	3
                        Mode number              :	1
                        Accuracy                 :	8.44065e-05
                        Iterations               :	93
                        Solver time              :	10 s


                      ------------------------------------------------------------------------------
2025-09-22 11:51:39     Delta calculation        
2025-09-22 11:51:39     All S-Parameters         :	0.0141628
2025-09-22 11:51:39   

                      ------------------------------------------------------------------------------
2025-09-22 11:51:39   Mesh adaptation terminated because the desired accuracy limit is reached.

                      ------------------------------------------------------------------------------
2025-09-22 11:51:39     Total time               :	60 s	 (= 0 h, 01 m, 00 s)

                      ------------------------------------------------------------------------------
2025-09-22 11:51:39   

                      ------------------------------------------------------------------------------
2025-09-22 11:51:41     Calculation 2 (Frequency: 2 GHz)


                      ------------------------------------------------------------------------------
2025-09-22 11:51:41     ----------------------------------------------------------------------------
                        Port   Mode   Type        Z-Wave        Z-Wave-Sigma  Z-Line        F-Cutoff
                        1      1      QTEM        248           24            38.8          ---
                        2      1      QTEM        251           14.9          38.8          ---
                        3      1      QTEM        246           21.7          38.8          ---
                        ----------------------------------------------------------------------------


                      ------------------------------------------------------------------------------
2025-09-22 11:51:51     Matrix setup time        :	0 s
                        Degrees of freedom       :	183503
                        Number of mesh cells     :	27954

                        Stimulation port         :	1
                        Mode number              :	1
                        Accuracy                 :	7.50041e-05
                        Iterations               :	80
                        Solver time              :	8 s


                      ------------------------------------------------------------------------------
2025-09-22 11:51:51     Stimulation port         :	2
                        Mode number              :	1
                        Accuracy                 :	9.41754e-05
                        Iterations               :	75
                        Solver time              :	8 s


                      ------------------------------------------------------------------------------
2025-09-22 11:51:51     Stimulation port         :	3
                        Mode number              :	1
                        Accuracy                 :	9.5514e-05
                        Iterations               :	67
                        Solver time              :	7 s


                      ------------------------------------------------------------------------------
2025-09-22 11:51:54     Generating results       :	2 s

                        Total time               :	12 s

                      ------------------------------------------------------------------------------
2025-09-22 11:51:54   

                      ------------------------------------------------------------------------------
2025-09-22 11:51:54     Calculation 3 (Frequency: 3.5 GHz)


                      ------------------------------------------------------------------------------
2025-09-22 11:51:54     ----------------------------------------------------------------------------
                        Port   Mode   Type        Z-Wave        Z-Wave-Sigma  Z-Line        F-Cutoff
                        1      1      QTEM        247           24            38.7          ---
                        2      1      QTEM        251           14.9          38.7          ---
                        3      1      QTEM        246           21.9          38.8          ---
                        ----------------------------------------------------------------------------


                      ------------------------------------------------------------------------------
2025-09-22 11:52:03     Matrix setup time        :	0 s
                        Degrees of freedom       :	183503
                        Number of mesh cells     :	27954

                        Stimulation port         :	1
                        Mode number              :	1
                        Accuracy                 :	9.97832e-05
                        Iterations               :	84
                        Solver time              :	8 s


                      ------------------------------------------------------------------------------
2025-09-22 11:52:03     Stimulation port         :	2
                        Mode number              :	1
                        Accuracy                 :	9.72823e-05
                        Iterations               :	59
                        Solver time              :	6 s


                      ------------------------------------------------------------------------------
2025-09-22 11:52:03     Stimulation port         :	3
                        Mode number              :	1
                        Accuracy                 :	7.59301e-05
                        Iterations               :	59
                        Solver time              :	6 s


                      ------------------------------------------------------------------------------
2025-09-22 11:52:05     Generating results       :	2 s

                        Total time               :	11 s

                      ------------------------------------------------------------------------------
2025-09-22 11:52:05   

                      ------------------------------------------------------------------------------
2025-09-22 11:52:05     Calculation 4 (Frequency: 4.25 GHz)


                      ------------------------------------------------------------------------------
2025-09-22 11:52:06     ----------------------------------------------------------------------------
                        Port   Mode   Type        Z-Wave        Z-Wave-Sigma  Z-Line        F-Cutoff
                        1      1      QTEM        247           24            38.7          ---
                        2      1      QTEM        251           15            38.7          ---
                        3      1      QTEM        246           21.9          38.7          ---
                        ----------------------------------------------------------------------------


                      ------------------------------------------------------------------------------
2025-09-22 11:52:11     Matrix setup time        :	0 s
                        Degrees of freedom       :	183503
                        Number of mesh cells     :	27954

                        Stimulation port         :	1
                        Mode number              :	1
                        Accuracy                 :	9.25326e-05
                        Iterations               :	34
                        Solver time              :	4 s


                      ------------------------------------------------------------------------------
2025-09-22 11:52:11     Stimulation port         :	2
                        Mode number              :	1
                        Accuracy                 :	9.68187e-05
                        Iterations               :	34
                        Solver time              :	4 s


                      ------------------------------------------------------------------------------
2025-09-22 11:52:11     Stimulation port         :	3
                        Mode number              :	1
                        Accuracy                 :	9.31403e-05
                        Iterations               :	32
                        Solver time              :	3 s


                      ------------------------------------------------------------------------------
2025-09-22 11:52:11     Total time               :	5 s

                      ------------------------------------------------------------------------------
2025-09-22 11:52:11   

                      ------------------------------------------------------------------------------
2025-09-22 11:52:11     Calculation 5 (Frequency: 2.855 GHz)


                      ------------------------------------------------------------------------------
2025-09-22 11:52:11     ----------------------------------------------------------------------------
                        Port   Mode   Type        Z-Wave        Z-Wave-Sigma  Z-Line        F-Cutoff
                        1      1      QTEM        247           24            38.8          ---
                        2      1      QTEM        251           14.9          38.8          ---
                        3      1      QTEM        246           21.8          38.8          ---
                        ----------------------------------------------------------------------------


                      ------------------------------------------------------------------------------
2025-09-22 11:52:16     Matrix setup time        :	0 s
                        Degrees of freedom       :	183503
                        Number of mesh cells     :	27954

                        Stimulation port         :	1
                        Mode number              :	1
                        Accuracy                 :	9.46932e-05
                        Iterations               :	29
                        Solver time              :	3 s


                      ------------------------------------------------------------------------------
2025-09-22 11:52:16     Stimulation port         :	2
                        Mode number              :	1
                        Accuracy                 :	8.50836e-05
                        Iterations               :	27
                        Solver time              :	3 s


                      ------------------------------------------------------------------------------
2025-09-22 11:52:16     Stimulation port         :	3
                        Mode number              :	1
                        Accuracy                 :	9.83447e-05
                        Iterations               :	27
                        Solver time              :	3 s


                      ------------------------------------------------------------------------------
2025-09-22 11:52:16     Total time               :	5 s

                      ------------------------------------------------------------------------------
2025-09-22 11:52:16   

                      ------------------------------------------------------------------------------
2025-09-22 11:52:16     Calculation 6 (Frequency: 3.944 GHz)


                      ------------------------------------------------------------------------------
2025-09-22 11:52:17     ----------------------------------------------------------------------------
                        Port   Mode   Type        Z-Wave        Z-Wave-Sigma  Z-Line        F-Cutoff
                        1      1      QTEM        247           24            38.7          ---
                        2      1      QTEM        251           15            38.7          ---
                        3      1      QTEM        246           21.9          38.8          ---
                        ----------------------------------------------------------------------------


                      ------------------------------------------------------------------------------
2025-09-22 11:52:19     Matrix setup time        :	0 s
                        Degrees of freedom       :	183503
                        Number of mesh cells     :	27954

                        Stimulation port         :	1
                        Mode number              :	1
                        Accuracy                 :	9.10555e-05
                        Iterations               :	5
                        Solver time              :	0 s


                      ------------------------------------------------------------------------------
2025-09-22 11:52:19     Stimulation port         :	2
                        Mode number              :	1
                        Accuracy                 :	8.37643e-05
                        Iterations               :	5
                        Solver time              :	0 s


                      ------------------------------------------------------------------------------
2025-09-22 11:52:19     Stimulation port         :	3
                        Mode number              :	1
                        Accuracy                 :	8.10796e-05
                        Iterations               :	5
                        Solver time              :	0 s


                      ------------------------------------------------------------------------------
2025-09-22 11:52:19     Total time               :	2 s

                      ------------------------------------------------------------------------------
2025-09-22 11:52:19   

                      ------------------------------------------------------------------------------
2025-09-22 11:52:19     Calculation 7 (Frequency: 2.39 GHz)


                      ------------------------------------------------------------------------------
2025-09-22 11:52:19     ----------------------------------------------------------------------------
                        Port   Mode   Type        Z-Wave        Z-Wave-Sigma  Z-Line        F-Cutoff
                        1      1      QTEM        248           24            38.8          ---
                        2      1      QTEM        251           14.9          38.8          ---
                        3      1      QTEM        246           21.8          38.8          ---
                        ----------------------------------------------------------------------------


                      ------------------------------------------------------------------------------
2025-09-22 11:52:22     Matrix setup time        :	0 s
                        Degrees of freedom       :	183503
                        Number of mesh cells     :	27954

                        Stimulation port         :	1
                        Mode number              :	1
                        Accuracy                 :	7.66463e-05
                        Iterations               :	8
                        Solver time              :	1 s


                      ------------------------------------------------------------------------------
2025-09-22 11:52:22     Stimulation port         :	2
                        Mode number              :	1
                        Accuracy                 :	9.9383e-05
                        Iterations               :	8
                        Solver time              :	1 s


                      ------------------------------------------------------------------------------
2025-09-22 11:52:22     Stimulation port         :	3
                        Mode number              :	1
                        Accuracy                 :	9.49257e-05
                        Iterations               :	9
                        Solver time              :	1 s


                      ------------------------------------------------------------------------------
2025-09-22 11:52:22     Total time               :	2 s

                      ------------------------------------------------------------------------------
2025-09-22 11:52:22   

                      ------------------------------------------------------------------------------
2025-09-22 11:52:22     Calculation 8 (Frequency: 4.796 GHz)


                      ------------------------------------------------------------------------------
2025-09-22 11:52:22     ----------------------------------------------------------------------------
                        Port   Mode   Type        Z-Wave        Z-Wave-Sigma  Z-Line        F-Cutoff
                        1      1      QTEM        247           24            38.7          ---
                        2      1      QTEM        251           15            38.7          ---
                        3      1      QTEM        246           21.9          38.7          ---
                        ----------------------------------------------------------------------------


                      ------------------------------------------------------------------------------
2025-09-22 11:52:25     Matrix setup time        :	0 s
                        Degrees of freedom       :	183503
                        Number of mesh cells     :	27954

                        Stimulation port         :	1
                        Mode number              :	1
                        Accuracy                 :	9.85803e-05
                        Iterations               :	5
                        Solver time              :	0 s


                      ------------------------------------------------------------------------------
2025-09-22 11:52:25     Stimulation port         :	2
                        Mode number              :	1
                        Accuracy                 :	7.11748e-05
                        Iterations               :	10
                        Solver time              :	1 s


                      ------------------------------------------------------------------------------
2025-09-22 11:52:25     Stimulation port         :	3
                        Mode number              :	1
                        Accuracy                 :	6.65802e-05
                        Iterations               :	10
                        Solver time              :	1 s


                      ------------------------------------------------------------------------------
2025-09-22 11:52:25     Total time               :	3 s

                      ------------------------------------------------------------------------------
2025-09-22 11:52:25   

                      ------------------------------------------------------------------------------
2025-09-22 11:52:25   Finished the general purpose interpolative broadband frequency sweep:
                      All broadband sweep convergence criteria have been satisfied after
                      calculating 8 frequency samples:

                        Broadband sweep error threshold value :  0.01 (All S-Parameters) 
                        Number of error criterion checks      :  2 (All S-Parameters) 
                        Minimum number of samples             :  3
                        Number of data samples, linear        :  1001

                      ------------------------------------------------------------------------------
2025-09-22 11:52:25     Number of mesh cells     :	27954
                        Degrees of freedom       :	183503
                        Total Solver Time        :	110 s	 (= 0 h, 01 m, 50 s)
                      ================================================================================



                      ------------------------------------------------------------------------------
2025-09-22 11:52:25   Calculating remaining monitors.

                      ------------------------------------------------------------------------------
2025-09-22 11:52:28     ----------------------------------------------------------------------------
                                            Peak memory used (kB)         Free physical memory (kB) 
                                                                          At begin     Minimum      
                        ----------------------------------------------------------------------------
                        Solver start        21672                         20449652     20446148     
                        Eq. system setup    686932                        20282928     19753576     
                        Eq. system solve    696588                        20248416     19689696     
                        Mesh refinement     491624                        20157696     20014348     
                        Solver run total    696588                        20449656     19689696     

                        Computer name       DESKTOP-9C14OLV
                        ----------------------------------------------------------------------------


                      ------------------------------------------------------------------------------
2025-09-22 11:52:29   Running postprocessing.

                      ------------------------------------------------------------------------------
2025-09-22 11:52:33   Postprocessing finished.

                      ------------------------------------------------------------------------------
2025-09-22 11:52:33   Creating parametric 1D results for Run ID 1

                      ------------------------------------------------------------------------------
