*** STARTING PCB CONVERSION ***

Importing C:\Users\PinJung\Desktop\computer_share\CST simulation\First Wilkinson PD\Wilkinson PD-odb.zip... [Sun Sep 21 02:01:35 2025]
============================================================
Reading ODB++ database ...

Reading file misc/info...
Reading file matrix/matrix...
Reading file steps/pcb/profile...
Reading file steps/pcb/eda/data...
HDR = KiCad EDA 9.0.4
WARNING: unexpected syntax of EDA data file:<File eda\data, line 6>
WARNING: unexpected syntax of EDA data file:<File eda\data, line 10>
eda data: 2 packages, 12 nets.
Reading file steps/pcb/layers/f.mask/features...
10 SWHs on layer F.MASK
Reading file steps/pcb/layers/f.cu/features...
73 SWHs on layer F.CU
Reading file steps/pcb/layers/dielectric_1/features...
0 SWHs on layer DIELECTRIC_1
Reading file steps/pcb/layers/b.cu/features...
0 SWHs on layer B.CU
Reading file steps/pcb/layers/b.mask/features...
0 SWHs on layer B.MASK
Reading file steps/pcb/layers/f.mask/attrlist...
Reading file steps/pcb/layers/f.cu/attrlist...
Reading file steps/pcb/layers/dielectric_1/attrlist...
Reading file steps/pcb/layers/b.cu/attrlist...
Reading file steps/pcb/layers/b.mask/attrlist...
WARNING: material values were set to default due to missing information for the following layers:  'F.MASK', 'F.CU', 'DIELECTRIC_1', 'B.CU', 'B.MASK'
Reading file steps/pcb/layers/comp_+_top/components...
INFO: 13 duplicate vertices ignored
========================================
INFO: Created CSV file (C:\Users\PinJung\AppData\Local\Temp\CSTDE1\Temp\DE\Untitled_0\Model\3D\Wilkinson PD-odb.csv) with component properties extracted from ODB++ file.
========================================
========================================
Lumped-element import (C:\Users\PinJung\AppData\Local\Temp\CSTDE1\Temp\DE\Untitled_0\Model\3D\Wilkinson PD-odb.csv)...
Detected ' ; ' as separator.

========================================
Auto-imported CSV-file 'C:\Users\PinJung\AppData\Local\Temp\CSTDE1\Temp\DE\Untitled_0\Model\3D\Wilkinson PD-odb.csv'.
========================================
Unifying library padstacks...
Finished reading database.
============================================================
*** ENDING PCB CONVERSION with SUCCESS***

========== Starting Layout Check ==========
Checking geometry
Looking for geometry artifacts
Looking for healed shape problems

========== End Layout Check ==========
