2025-10-10 21:17:55   The length ratio between the shortest and the longest model edges is 1:3832.
                      Short model edges can be highlighted via Mesh:Mesh Control->Check Mesh->Check
                      Model Edge Length.... (It may be advantageous to model the metallizations as
                      infinitely thin sheets.) More...

                      ------------------------------------------------------------------------------
2025-10-10 21:17:55   --- Material prioritization table with "ElectricConductivity" scheme was used
                      ---
                       - Copper
                       - PEC
                       - Wilkinson 5850MHz_Cu(PCB1)/Copper
                       - Wilkinson 5850MHz_Cu(PCB1)/PEC Sheets
                       - Wilkinson 5850MHz_Cu(PCB1)/VIAS_MATERIAL
                       - $CoilMaterial$
                       - $NFSMaterial$
                       - Rogers RO4350B (lossy)
                       - Vacuum
                       - air_0

                      ------------------------------------------------------------------------------
2025-10-10 21:17:58   *** Warning ***

                      This software is licensed for non-commercial use only.

                      ------------------------------------------------------------------------------
2025-10-10 21:17:58   Units settings: 

                        Dimensions: mil
                        Frequency:  GHz
                        Time:       ns

                      ------------------------------------------------------------------------------
2025-10-10 21:17:59   Boundary conditions: 

                        YZsymmetry: none
                        XZsymmetry: none
                        XYsymmetry: none

                        Xmin: expanded open
                        Xmax: expanded open

                        Ymin: expanded open
                        Ymax: expanded open

                        Zmin: expanded open
                        Zmax: electric

                      ------------------------------------------------------------------------------
2025-10-10 21:17:59   Order settings: 

                        Solver order   : 2nd (constant)
                        Curved elements: up to order 3 (automatic)

                      ------------------------------------------------------------------------------
2025-10-10 21:17:59     Mesh time                :	2 s


                      ------------------------------------------------------------------------------
2025-10-10 21:17:59   
                      ================================================================================
                      Frequency Domain Solver calculation cycle started

                      ------------------------------------------------------------------------------
2025-10-10 21:17:59   Solver started at: 2025-10-10 21:17:59 -0700

                        Module:  Frequency Domain: S-Parameter (Win 64)
                        Version: 2024.0 Release from 2023-09-01 (change 1164796)

                      ------------------------------------------------------------------------------
2025-10-10 21:17:59     Calculation 1 of 1 (Frequency: 6.7 GHz)


                      ------------------------------------------------------------------------------
2025-10-10 21:17:59   Using electric shielding for ports 1, 2, 3.

                      ------------------------------------------------------------------------------
2025-10-10 21:17:59   For some elements the curvature had to be reduced to maintain the quality of the mesh. More...

                      ------------------------------------------------------------------------------
2025-10-10 21:18:00   For some elements the curvature had to be reduced to maintain the quality of the mesh. More...

                      ------------------------------------------------------------------------------
2025-10-10 21:18:01   For some elements the curvature had to be reduced to maintain the quality of the mesh. More...

                      ------------------------------------------------------------------------------
2025-10-10 21:18:02   For some elements the curvature had to be reduced to maintain the quality of the mesh. More...

                      ------------------------------------------------------------------------------
2025-10-10 21:18:03   For some elements the curvature had to be reduced to maintain the quality of the mesh. More...

                      ------------------------------------------------------------------------------
2025-10-10 21:18:04   For some elements the curvature had to be reduced to maintain the quality of the mesh. More...

                      ------------------------------------------------------------------------------
2025-10-10 21:18:05   For some elements the curvature had to be reduced to maintain the quality of the mesh. More...

                      ------------------------------------------------------------------------------
2025-10-10 21:18:07   For some elements the curvature had to be reduced to maintain the quality of the mesh. More...

                      ------------------------------------------------------------------------------
2025-10-10 21:18:09   For some elements the curvature had to be reduced to maintain the quality of the mesh. More...

                      ------------------------------------------------------------------------------
2025-10-10 21:18:10     ----------------------------------------------------------------------------
                        Port   Mode   Type        Z-Wave        Z-Wave-Sigma  Z-Line        F-Cutoff
                        1      1      QTEM        229           13.3          48.9          ---
                        2      1      QTEM        231           13.1          48.9          ---
                        3      1      QTEM        231           14.7          48.9          ---
                        ----------------------------------------------------------------------------


                      ------------------------------------------------------------------------------
2025-10-10 21:18:10   Adaptive mesh refinement pass 1

                      ------------------------------------------------------------------------------
2025-10-10 21:18:11   Performing block excitation with block size 3 and 4 threads.  More...

                      ------------------------------------------------------------------------------
2025-10-10 21:18:11     Matrix setup time        :	0 s
                        Degrees of freedom       :	36183
                        Number of mesh cells     :	5426

                        Stimulation port         :	1
                        Mode number              :	1
                        Accuracy                 :	2.72454e-13
                        Iterations               :	1
                        Solver time              :	0 s


                      ------------------------------------------------------------------------------
2025-10-10 21:18:11     Stimulation port         :	2
                        Mode number              :	1
                        Accuracy                 :	2.26544e-13
                        Iterations               :	1
                        Solver time              :	0 s


                      ------------------------------------------------------------------------------
2025-10-10 21:18:11     Stimulation port         :	3
                        Mode number              :	1
                        Accuracy                 :	2.93037e-13
                        Iterations               :	1
                        Solver time              :	0 s


                      ------------------------------------------------------------------------------
2025-10-10 21:18:11   25% of all mesh edges seem to be longer than expected. The adaptive mesh refinement's growth limitation will therefore 
                      use 13692 instead of 5411 mesh cells as a reference.

                      ------------------------------------------------------------------------------
2025-10-10 21:18:13   For some elements the curvature had to be reduced to maintain the quality of the mesh. More...

                      ------------------------------------------------------------------------------
2025-10-10 21:18:13   Adaptive mesh refinement pass 2

                      ------------------------------------------------------------------------------
2025-10-10 21:18:15     Matrix setup time        :	0 s
                        Degrees of freedom       :	57025
                        Number of mesh cells     :	8574

                        Stimulation port         :	1
                        Mode number              :	1
                        Accuracy                 :	1.12925e-13
                        Iterations               :	1
                        Solver time              :	0 s


                      ------------------------------------------------------------------------------
2025-10-10 21:18:15     Stimulation port         :	2
                        Mode number              :	1
                        Accuracy                 :	8.04322e-14
                        Iterations               :	1
                        Solver time              :	0 s


                      ------------------------------------------------------------------------------
2025-10-10 21:18:15     Stimulation port         :	3
                        Mode number              :	1
                        Accuracy                 :	1.40458e-13
                        Iterations               :	1
                        Solver time              :	0 s


                      ------------------------------------------------------------------------------
2025-10-10 21:18:15     Delta calculation        
2025-10-10 21:18:15     All S-Parameters         :	0.132214
2025-10-10 21:18:15   

                      ------------------------------------------------------------------------------
2025-10-10 21:18:17   For some elements the curvature had to be reduced to maintain the quality of the mesh. More...

                      ------------------------------------------------------------------------------
2025-10-10 21:18:17   Adaptive mesh refinement pass 3

                      ------------------------------------------------------------------------------
2025-10-10 21:18:20     Matrix setup time        :	0 s
                        Solver setup             :	1 s
                        Degrees of freedom       :	88371
                        Number of mesh cells     :	13219

                        Stimulation port         :	1
                        Mode number              :	1
                        Accuracy                 :	3.77415e-14
                        Iterations               :	1
                        Solver time              :	0 s


                      ------------------------------------------------------------------------------
2025-10-10 21:18:20     Stimulation port         :	2
                        Mode number              :	1
                        Accuracy                 :	2.6922e-14
                        Iterations               :	1
                        Solver time              :	0 s


                      ------------------------------------------------------------------------------
2025-10-10 21:18:20     Stimulation port         :	3
                        Mode number              :	1
                        Accuracy                 :	4.76362e-14
                        Iterations               :	1
                        Solver time              :	0 s


                      ------------------------------------------------------------------------------
2025-10-10 21:18:20     Delta calculation        
2025-10-10 21:18:20     All S-Parameters         :	0.0176874
2025-10-10 21:18:20   

                      ------------------------------------------------------------------------------
2025-10-10 21:18:20   Mesh adaptation terminated because the desired accuracy limit is reached.

                      ------------------------------------------------------------------------------
2025-10-10 21:18:20     Total time               :	21 s

                      ------------------------------------------------------------------------------
2025-10-10 21:18:20   

                      ------------------------------------------------------------------------------
2025-10-10 21:18:21     Calculation 2 (Frequency: 5 GHz)


                      ------------------------------------------------------------------------------
2025-10-10 21:18:22     ----------------------------------------------------------------------------
                        Port   Mode   Type        Z-Wave        Z-Wave-Sigma  Z-Line        F-Cutoff
                        1      1      QTEM        229           13            49            ---
                        2      1      QTEM        231           13            49            ---
                        3      1      QTEM        232           14.4          49            ---
                        ----------------------------------------------------------------------------


                      ------------------------------------------------------------------------------
2025-10-10 21:18:24     Matrix setup time        :	0 s
                        Degrees of freedom       :	88371
                        Number of mesh cells     :	13219

                        Stimulation port         :	1
                        Mode number              :	1
                        Accuracy                 :	5.15512e-14
                        Iterations               :	1
                        Solver time              :	0 s


                      ------------------------------------------------------------------------------
2025-10-10 21:18:24     Stimulation port         :	2
                        Mode number              :	1
                        Accuracy                 :	3.60613e-14
                        Iterations               :	1
                        Solver time              :	0 s


                      ------------------------------------------------------------------------------
2025-10-10 21:18:24     Stimulation port         :	3
                        Mode number              :	1
                        Accuracy                 :	7.80566e-14
                        Iterations               :	1
                        Solver time              :	0 s


                      ------------------------------------------------------------------------------
2025-10-10 21:18:24     Total time               :	2 s

                      ------------------------------------------------------------------------------
2025-10-10 21:18:24   

                      ------------------------------------------------------------------------------
2025-10-10 21:18:24     Calculation 3 (Frequency: 5.85 GHz)


                      ------------------------------------------------------------------------------
2025-10-10 21:18:26     ----------------------------------------------------------------------------
                        Port   Mode   Type        Z-Wave        Z-Wave-Sigma  Z-Line        F-Cutoff
                        1      1      QTEM        229           13.1          49            ---
                        2      1      QTEM        231           13.1          48.9          ---
                        3      1      QTEM        231           14.6          48.9          ---
                        ----------------------------------------------------------------------------


                      ------------------------------------------------------------------------------
2025-10-10 21:18:27     Matrix setup time        :	0 s
                        Degrees of freedom       :	88371
                        Number of mesh cells     :	13219

                        Stimulation port         :	1
                        Mode number              :	1
                        Accuracy                 :	1.11321e-13
                        Iterations               :	1
                        Solver time              :	0 s


                      ------------------------------------------------------------------------------
2025-10-10 21:18:27     Stimulation port         :	2
                        Mode number              :	1
                        Accuracy                 :	2.90768e-14
                        Iterations               :	1
                        Solver time              :	0 s


                      ------------------------------------------------------------------------------
2025-10-10 21:18:27     Stimulation port         :	3
                        Mode number              :	1
                        Accuracy                 :	1.93549e-13
                        Iterations               :	1
                        Solver time              :	0 s


                      ------------------------------------------------------------------------------
2025-10-10 21:18:28     Total time               :	2 s

                      ------------------------------------------------------------------------------
2025-10-10 21:18:28   

                      ------------------------------------------------------------------------------
2025-10-10 21:18:28     Calculation 4 (Frequency: 6.275 GHz)


                      ------------------------------------------------------------------------------
2025-10-10 21:18:29     ----------------------------------------------------------------------------
                        Port   Mode   Type        Z-Wave        Z-Wave-Sigma  Z-Line        F-Cutoff
                        1      1      QTEM        229           13.2          49            ---
                        2      1      QTEM        231           13            48.9          ---
                        3      1      QTEM        231           14.7          48.9          ---
                        ----------------------------------------------------------------------------


                      ------------------------------------------------------------------------------
2025-10-10 21:18:31     Matrix setup time        :	0 s
                        Degrees of freedom       :	88371
                        Number of mesh cells     :	13219

                        Stimulation port         :	1
                        Mode number              :	1
                        Accuracy                 :	4.42893e-14
                        Iterations               :	1
                        Solver time              :	0 s


                      ------------------------------------------------------------------------------
2025-10-10 21:18:31     Stimulation port         :	2
                        Mode number              :	1
                        Accuracy                 :	2.9582e-14
                        Iterations               :	1
                        Solver time              :	0 s


                      ------------------------------------------------------------------------------
2025-10-10 21:18:31     Stimulation port         :	3
                        Mode number              :	1
                        Accuracy                 :	7.00613e-14
                        Iterations               :	1
                        Solver time              :	0 s


                      ------------------------------------------------------------------------------
2025-10-10 21:18:31     Total time               :	2 s

                      ------------------------------------------------------------------------------
2025-10-10 21:18:31   

                      ------------------------------------------------------------------------------
2025-10-10 21:18:31     Calculation 5 (Frequency: 5.37808 GHz)


                      ------------------------------------------------------------------------------
2025-10-10 21:18:32     ----------------------------------------------------------------------------
                        Port   Mode   Type        Z-Wave        Z-Wave-Sigma  Z-Line        F-Cutoff
                        1      1      QTEM        229           13            49            ---
                        2      1      QTEM        231           13.1          48.9          ---
                        3      1      QTEM        232           14.4          48.9          ---
                        ----------------------------------------------------------------------------


                      ------------------------------------------------------------------------------
2025-10-10 21:18:34     Matrix setup time        :	0 s
                        Degrees of freedom       :	88371
                        Number of mesh cells     :	13219

                        Stimulation port         :	1
                        Mode number              :	1
                        Accuracy                 :	4.30919e-14
                        Iterations               :	1
                        Solver time              :	0 s


                      ------------------------------------------------------------------------------
2025-10-10 21:18:34     Stimulation port         :	2
                        Mode number              :	1
                        Accuracy                 :	3.60122e-14
                        Iterations               :	1
                        Solver time              :	0 s


                      ------------------------------------------------------------------------------
2025-10-10 21:18:34     Stimulation port         :	3
                        Mode number              :	1
                        Accuracy                 :	6.50489e-14
                        Iterations               :	1
                        Solver time              :	0 s


                      ------------------------------------------------------------------------------
2025-10-10 21:18:34     Total time               :	2 s

                      ------------------------------------------------------------------------------
2025-10-10 21:18:34   

                      ------------------------------------------------------------------------------
2025-10-10 21:18:34     Calculation 6 (Frequency: 6.53034 GHz)


                      ------------------------------------------------------------------------------
2025-10-10 21:18:36     ----------------------------------------------------------------------------
                        Port   Mode   Type        Z-Wave        Z-Wave-Sigma  Z-Line        F-Cutoff
                        1      1      QTEM        229           13.3          48.9          ---
                        2      1      QTEM        231           13.1          48.9          ---
                        3      1      QTEM        231           14.7          48.9          ---
                        ----------------------------------------------------------------------------


                      ------------------------------------------------------------------------------
2025-10-10 21:18:37     Matrix setup time        :	0 s
                        Degrees of freedom       :	88371
                        Number of mesh cells     :	13219

                        Stimulation port         :	1
                        Mode number              :	1
                        Accuracy                 :	3.44926e-14
                        Iterations               :	1
                        Solver time              :	0 s


                      ------------------------------------------------------------------------------
2025-10-10 21:18:37     Stimulation port         :	2
                        Mode number              :	1
                        Accuracy                 :	2.8811e-14
                        Iterations               :	1
                        Solver time              :	0 s


                      ------------------------------------------------------------------------------
2025-10-10 21:18:37     Stimulation port         :	3
                        Mode number              :	1
                        Accuracy                 :	4.49467e-14
                        Iterations               :	1
                        Solver time              :	0 s


                      ------------------------------------------------------------------------------
2025-10-10 21:18:38     Total time               :	3 s

                      ------------------------------------------------------------------------------
2025-10-10 21:18:38   

                      ------------------------------------------------------------------------------
2025-10-10 21:18:38   Finished the general purpose interpolative broadband frequency sweep:
                      All broadband sweep convergence criteria have been satisfied after
                      calculating 6 frequency samples:

                        Broadband sweep error threshold value :  0.01 (All S-Parameters) 
                        Number of error criterion checks      :  2 (All S-Parameters) 
                        Minimum number of samples             :  3
                        Number of data samples, linear        :  5001

                      ------------------------------------------------------------------------------
2025-10-10 21:18:38     Number of mesh cells     :	13219
                        Degrees of freedom       :	88371
                        Total Solver Time        :	40 s
                      ================================================================================



                      ------------------------------------------------------------------------------
2025-10-10 21:18:38   Calculating remaining monitors.

                      ------------------------------------------------------------------------------
2025-10-10 21:18:39     ----------------------------------------------------------------------------
                                            Peak memory used (kB)         Free physical memory (kB) 
                                                                          At begin     Minimum      
                        ----------------------------------------------------------------------------
                        Solver start        21800                         16551724     16550064     
                        Eq. system setup    696692                        16453316     16238704     
                        Eq. system solve    696736                        16424476     16066136     
                        Mesh refinement     484900                        16408284     16358380     
                        Solver run total    696736                        16551728     16066136     

                        Computer name       DESKTOP-9C14OLV
                        ----------------------------------------------------------------------------


                      ------------------------------------------------------------------------------
2025-10-10 21:18:39   Running postprocessing.

                      ------------------------------------------------------------------------------
2025-10-10 21:18:41   Postprocessing finished.

                      ------------------------------------------------------------------------------
